{"uid":"2e0a4c3c935c27c8","name":"Create Reimbursement","fullName":"gettingStarted.Actingoffice.Test112.CreateReimbursement_Test","historyId":"4cfb9f327291b997c6266e00924dba4e","time":{"start":1757327465671,"stop":1757327541136,"duration":75465},"status":"broken","statusMessage":"Expected condition failed: waiting for visibility of element located by By.xpath: //*[contains(@class, 'rs-option') and normalize-space(text())='User'] (tried for 40 second(s) with 500 milliseconds interval)\nBuild info: version: '4.23.1', revision: '656257d8e9'\nSystem info: os.name: 'Windows 11', os.arch: 'amd64', os.version: '10.0', java.version: '17.0.16'\nDriver info: org.openqa.selenium.chrome.ChromeDriver\nCapabilities {acceptInsecureCerts: false, browserName: chrome, browserVersion: 140.0.7339.80, chrome: {chromedriverVersion: 140.0.7339.80 (670b6f192f46..., userDataDir: C:\\Users\\CT_USER\\AppData\\Lo...}, fedcm:accounts: true, goog:chromeOptions: {debuggerAddress: localhost:62682}, networkConnectionEnabled: false, pageLoadStrategy: normal, platformName: windows, proxy: Proxy(), se:cdp: ws://localhost:62682/devtoo..., se:cdpVersion: 140.0.7339.80, setWindowRect: true, strictFileInteractability: false, timeouts: {implicit: 0, pageLoad: 300000, script: 30000}, unhandledPromptBehavior: dismiss and notify, webauthn:extension:credBlob: true, webauthn:extension:largeBlob: true, webauthn:extension:minPinLength: true, webauthn:extension:prf: true, webauthn:virtualAuthenticators: true}\nSession ID: 0d91ae1f7545b3b84d21494f905aa6be","statusTrace":"org.openqa.selenium.TimeoutException: Expected condition failed: waiting for visibility of element located by By.xpath: //*[contains(@class, 'rs-option') and normalize-space(text())='User'] (tried for 40 second(s) with 500 milliseconds interval)\nBuild info: version: '4.23.1', revision: '656257d8e9'\nSystem info: os.name: 'Windows 11', os.arch: 'amd64', os.version: '10.0', java.version: '17.0.16'\nDriver info: org.openqa.selenium.chrome.ChromeDriver\nCapabilities {acceptInsecureCerts: false, browserName: chrome, browserVersion: 140.0.7339.80, chrome: {chromedriverVersion: 140.0.7339.80 (670b6f192f46..., userDataDir: C:\\Users\\CT_USER\\AppData\\Lo...}, fedcm:accounts: true, goog:chromeOptions: {debuggerAddress: localhost:62682}, networkConnectionEnabled: false, pageLoadStrategy: normal, platformName: windows, proxy: Proxy(), se:cdp: ws://localhost:62682/devtoo..., se:cdpVersion: 140.0.7339.80, setWindowRect: true, strictFileInteractability: false, timeouts: {implicit: 0, pageLoad: 300000, script: 30000}, unhandledPromptBehavior: dismiss and notify, webauthn:extension:credBlob: true, webauthn:extension:largeBlob: true, webauthn:extension:minPinLength: true, webauthn:extension:prf: true, webauthn:virtualAuthenticators: true}\nSession ID: 0d91ae1f7545b3b84d21494f905aa6be\r\n\tat org.openqa.selenium.support.ui.WebDriverWait.timeoutException(WebDriverWait.java:84)\r\n\tat org.openqa.selenium.support.ui.FluentWait.until(FluentWait.java:228)\r\n\tat gettingStarted.Actingoffice.Test112.CreateReimbursement_Test(Test112.java:82)\r\n\tat java.base/jdk.internal.reflect.NativeMethodAccessorImpl.invoke0(Native Method)\r\n\tat java.base/jdk.internal.reflect.NativeMethodAccessorImpl.invoke(NativeMethodAccessorImpl.java:77)\r\n\tat java.base/jdk.internal.reflect.DelegatingMethodAccessorImpl.invoke(DelegatingMethodAccessorImpl.java:43)\r\n\tat java.base/java.lang.reflect.Method.invoke(Method.java:569)\r\n\tat org.testng.internal.invokers.MethodInvocationHelper.invokeMethod(MethodInvocationHelper.java:141)\r\n\tat org.testng.internal.invokers.TestInvoker.invokeMethod(TestInvoker.java:687)\r\n\tat org.testng.internal.invokers.TestInvoker.invokeTestMethod(TestInvoker.java:230)\r\n\tat org.testng.internal.invokers.MethodRunner.runInSequence(MethodRunner.java:63)\r\n\tat org.testng.internal.invokers.TestInvoker$MethodInvocationAgent.invoke(TestInvoker.java:995)\r\n\tat org.testng.internal.invokers.TestInvoker.invokeTestMethods(TestInvoker.java:203)\r\n\tat org.testng.internal.invokers.TestMethodWorker.invokeTestMethods(TestMethodWorker.java:154)\r\n\tat org.testng.internal.invokers.TestMethodWorker.run(TestMethodWorker.java:134)\r\n\tat java.base/java.util.ArrayList.forEach(ArrayList.java:1511)\r\n\tat org.testng.TestRunner.privateRun(TestRunner.java:741)\r\n\tat org.testng.TestRunner.run(TestRunner.java:616)\r\n\tat org.testng.SuiteRunner.runTest(SuiteRunner.java:421)\r\n\tat org.testng.SuiteRunner.runSequentially(SuiteRunner.java:413)\r\n\tat org.testng.SuiteRunner.privateRun(SuiteRunner.java:373)\r\n\tat org.testng.SuiteRunner.run(SuiteRunner.java:312)\r\n\tat org.testng.SuiteRunnerWorker.runSuite(SuiteRunnerWorker.java:52)\r\n\tat org.testng.SuiteRunnerWorker.run(SuiteRunnerWorker.java:95)\r\n\tat org.testng.TestNG.runSuitesSequentially(TestNG.java:1274)\r\n\tat org.testng.TestNG.runSuitesLocally(TestNG.java:1208)\r\n\tat org.testng.TestNG.runSuites(TestNG.java:1112)\r\n\tat org.testng.TestNG.run(TestNG.java:1079)\r\n\tat org.apache.maven.surefire.testng.TestNGExecutor.run(TestNGExecutor.java:136)\r\n\tat org.apache.maven.surefire.testng.TestNGDirectoryTestSuite.executeSingleClass(TestNGDirectoryTestSuite.java:112)\r\n\tat org.apache.maven.surefire.testng.TestNGDirectoryTestSuite.execute(TestNGDirectoryTestSuite.java:99)\r\n\tat org.apache.maven.surefire.testng.TestNGProvider.invoke(TestNGProvider.java:145)\r\n\tat java.base/jdk.internal.reflect.NativeMethodAccessorImpl.invoke0(Native Method)\r\n\tat java.base/jdk.internal.reflect.NativeMethodAccessorImpl.invoke(NativeMethodAccessorImpl.java:77)\r\n\tat java.base/jdk.internal.reflect.DelegatingMethodAccessorImpl.invoke(DelegatingMethodAccessorImpl.java:43)\r\n\tat java.base/java.lang.reflect.Method.invoke(Method.java:569)\r\n\tat org.apache.maven.surefire.api.util.ReflectionUtils.invokeMethodWithArray2(ReflectionUtils.java:167)\r\n\tat org.apache.maven.surefire.booter.ProviderFactory$ProviderProxy.invoke(ProviderFactory.java:161)\r\n\tat org.apache.maven.surefire.booter.ProviderFactory.invokeProvider(ProviderFactory.java:84)\r\n\tat org.apache.maven.plugin.surefire.InPluginVMSurefireStarter.runSuitesInProcess(InPluginVMSurefireStarter.java:87)\r\n\tat org.apache.maven.plugin.surefire.AbstractSurefireMojo.executeProvider(AbstractSurefireMojo.java:1295)\r\n\tat org.apache.maven.plugin.surefire.AbstractSurefireMojo.executeAfterPreconditionsChecked(AbstractSurefireMojo.java:1159)\r\n\tat org.apache.maven.plugin.surefire.AbstractSurefireMojo.execute(AbstractSurefireMojo.java:932)\r\n\tat org.apache.maven.plugin.DefaultBuildPluginManager.executeMojo(DefaultBuildPluginManager.java:126)\r\n\tat org.apache.maven.lifecycle.internal.MojoExecutor.doExecute2(MojoExecutor.java:328)\r\n\tat org.apache.maven.lifecycle.internal.MojoExecutor.doExecute(MojoExecutor.java:316)\r\n\tat org.apache.maven.lifecycle.internal.MojoExecutor.execute(MojoExecutor.java:212)\r\n\tat org.apache.maven.lifecycle.internal.MojoExecutor.execute(MojoExecutor.java:174)\r\n\tat org.apache.maven.lifecycle.internal.MojoExecutor.access$000(MojoExecutor.java:75)\r\n\tat org.apache.maven.lifecycle.internal.MojoExecutor$1.run(MojoExecutor.java:162)\r\n\tat org.apache.maven.plugin.DefaultMojosExecutionStrategy.execute(DefaultMojosExecutionStrategy.java:39)\r\n\tat org.apache.maven.lifecycle.internal.MojoExecutor.execute(MojoExecutor.java:159)\r\n\tat org.apache.maven.lifecycle.internal.LifecycleModuleBuilder.buildProject(LifecycleModuleBuilder.java:105)\r\n\tat org.apache.maven.lifecycle.internal.LifecycleModuleBuilder.buildProject(LifecycleModuleBuilder.java:73)\r\n\tat org.apache.maven.lifecycle.internal.builder.singlethreaded.SingleThreadedBuilder.build(SingleThreadedBuilder.java:53)\r\n\tat org.apache.maven.lifecycle.internal.LifecycleStarter.execute(LifecycleStarter.java:118)\r\n\tat org.apache.maven.DefaultMaven.doExecute(DefaultMaven.java:261)\r\n\tat org.apache.maven.DefaultMaven.doExecute(DefaultMaven.java:173)\r\n\tat org.apache.maven.DefaultMaven.execute(DefaultMaven.java:101)\r\n\tat org.apache.maven.cli.MavenCli.execute(MavenCli.java:906)\r\n\tat org.apache.maven.cli.MavenCli.doMain(MavenCli.java:283)\r\n\tat org.apache.maven.cli.MavenCli.main(MavenCli.java:206)\r\n\tat java.base/jdk.internal.reflect.NativeMethodAccessorImpl.invoke0(Native Method)\r\n\tat java.base/jdk.internal.reflect.NativeMethodAccessorImpl.invoke(NativeMethodAccessorImpl.java:77)\r\n\tat java.base/jdk.internal.reflect.DelegatingMethodAccessorImpl.invoke(DelegatingMethodAccessorImpl.java:43)\r\n\tat java.base/java.lang.reflect.Method.invoke(Method.java:569)\r\n\tat org.codehaus.plexus.classworlds.launcher.Launcher.launchEnhanced(Launcher.java:255)\r\n\tat org.codehaus.plexus.classworlds.launcher.Launcher.launch(Launcher.java:201)\r\n\tat org.codehaus.plexus.classworlds.launcher.Launcher.mainWithExitCode(Launcher.java:361)\r\n\tat org.codehaus.plexus.classworlds.launcher.Launcher.main(Launcher.java:314)\r\n","flaky":false,"newFailed":false,"newBroken":false,"newPassed":false,"retriesCount":0,"retriesStatusChange":false,"beforeStages":[{"name":"setup","time":{"start":1757327464294,"stop":1757327465563,"duration":1269},"description":"","status":"passed","steps":[{"name":"Browser launched and maximized","time":{"start":1757327465561,"stop":1757327465562,"duration":1},"status":"passed","steps":[],"attachments":[],"parameters":[],"shouldDisplayMessage":false,"attachmentsCount":0,"hasContent":false,"attachmentStep":false,"stepsCount":0}],"attachments":[],"parameters":[],"shouldDisplayMessage":false,"attachmentsCount":0,"hasContent":true,"attachmentStep":false,"stepsCount":1}],"testStage":{"status":"broken","statusMessage":"Expected condition failed: waiting for visibility of element located by By.xpath: //*[contains(@class, 'rs-option') and normalize-space(text())='User'] (tried for 40 second(s) with 500 milliseconds interval)\nBuild info: version: '4.23.1', revision: '656257d8e9'\nSystem info: os.name: 'Windows 11', os.arch: 'amd64', os.version: '10.0', java.version: '17.0.16'\nDriver info: org.openqa.selenium.chrome.ChromeDriver\nCapabilities {acceptInsecureCerts: false, browserName: chrome, browserVersion: 140.0.7339.80, chrome: {chromedriverVersion: 140.0.7339.80 (670b6f192f46..., userDataDir: C:\\Users\\CT_USER\\AppData\\Lo...}, fedcm:accounts: true, goog:chromeOptions: {debuggerAddress: localhost:62682}, networkConnectionEnabled: false, pageLoadStrategy: normal, platformName: windows, proxy: Proxy(), se:cdp: ws://localhost:62682/devtoo..., se:cdpVersion: 140.0.7339.80, setWindowRect: true, strictFileInteractability: false, timeouts: {implicit: 0, pageLoad: 300000, script: 30000}, unhandledPromptBehavior: dismiss and notify, webauthn:extension:credBlob: true, webauthn:extension:largeBlob: true, webauthn:extension:minPinLength: true, webauthn:extension:prf: true, webauthn:virtualAuthenticators: true}\nSession ID: 0d91ae1f7545b3b84d21494f905aa6be","statusTrace":"org.openqa.selenium.TimeoutException: Expected condition failed: waiting for visibility of element located by By.xpath: //*[contains(@class, 'rs-option') and normalize-space(text())='User'] (tried for 40 second(s) with 500 milliseconds interval)\nBuild info: version: '4.23.1', revision: '656257d8e9'\nSystem info: os.name: 'Windows 11', os.arch: 'amd64', os.version: '10.0', java.version: '17.0.16'\nDriver info: org.openqa.selenium.chrome.ChromeDriver\nCapabilities {acceptInsecureCerts: false, browserName: chrome, browserVersion: 140.0.7339.80, chrome: {chromedriverVersion: 140.0.7339.80 (670b6f192f46..., userDataDir: C:\\Users\\CT_USER\\AppData\\Lo...}, fedcm:accounts: true, goog:chromeOptions: {debuggerAddress: localhost:62682}, networkConnectionEnabled: false, pageLoadStrategy: normal, platformName: windows, proxy: Proxy(), se:cdp: ws://localhost:62682/devtoo..., se:cdpVersion: 140.0.7339.80, setWindowRect: true, strictFileInteractability: false, timeouts: {implicit: 0, pageLoad: 300000, script: 30000}, unhandledPromptBehavior: dismiss and notify, webauthn:extension:credBlob: true, webauthn:extension:largeBlob: true, webauthn:extension:minPinLength: true, webauthn:extension:prf: true, webauthn:virtualAuthenticators: true}\nSession ID: 0d91ae1f7545b3b84d21494f905aa6be\r\n\tat org.openqa.selenium.support.ui.WebDriverWait.timeoutException(WebDriverWait.java:84)\r\n\tat org.openqa.selenium.support.ui.FluentWait.until(FluentWait.java:228)\r\n\tat gettingStarted.Actingoffice.Test112.CreateReimbursement_Test(Test112.java:82)\r\n\tat java.base/jdk.internal.reflect.NativeMethodAccessorImpl.invoke0(Native Method)\r\n\tat java.base/jdk.internal.reflect.NativeMethodAccessorImpl.invoke(NativeMethodAccessorImpl.java:77)\r\n\tat java.base/jdk.internal.reflect.DelegatingMethodAccessorImpl.invoke(DelegatingMethodAccessorImpl.java:43)\r\n\tat java.base/java.lang.reflect.Method.invoke(Method.java:569)\r\n\tat org.testng.internal.invokers.MethodInvocationHelper.invokeMethod(MethodInvocationHelper.java:141)\r\n\tat org.testng.internal.invokers.TestInvoker.invokeMethod(TestInvoker.java:687)\r\n\tat org.testng.internal.invokers.TestInvoker.invokeTestMethod(TestInvoker.java:230)\r\n\tat org.testng.internal.invokers.MethodRunner.runInSequence(MethodRunner.java:63)\r\n\tat org.testng.internal.invokers.TestInvoker$MethodInvocationAgent.invoke(TestInvoker.java:995)\r\n\tat org.testng.internal.invokers.TestInvoker.invokeTestMethods(TestInvoker.java:203)\r\n\tat org.testng.internal.invokers.TestMethodWorker.invokeTestMethods(TestMethodWorker.java:154)\r\n\tat org.testng.internal.invokers.TestMethodWorker.run(TestMethodWorker.java:134)\r\n\tat java.base/java.util.ArrayList.forEach(ArrayList.java:1511)\r\n\tat org.testng.TestRunner.privateRun(TestRunner.java:741)\r\n\tat org.testng.TestRunner.run(TestRunner.java:616)\r\n\tat org.testng.SuiteRunner.runTest(SuiteRunner.java:421)\r\n\tat org.testng.SuiteRunner.runSequentially(SuiteRunner.java:413)\r\n\tat org.testng.SuiteRunner.privateRun(SuiteRunner.java:373)\r\n\tat org.testng.SuiteRunner.run(SuiteRunner.java:312)\r\n\tat org.testng.SuiteRunnerWorker.runSuite(SuiteRunnerWorker.java:52)\r\n\tat org.testng.SuiteRunnerWorker.run(SuiteRunnerWorker.java:95)\r\n\tat org.testng.TestNG.runSuitesSequentially(TestNG.java:1274)\r\n\tat org.testng.TestNG.runSuitesLocally(TestNG.java:1208)\r\n\tat org.testng.TestNG.runSuites(TestNG.java:1112)\r\n\tat org.testng.TestNG.run(TestNG.java:1079)\r\n\tat org.apache.maven.surefire.testng.TestNGExecutor.run(TestNGExecutor.java:136)\r\n\tat org.apache.maven.surefire.testng.TestNGDirectoryTestSuite.executeSingleClass(TestNGDirectoryTestSuite.java:112)\r\n\tat org.apache.maven.surefire.testng.TestNGDirectoryTestSuite.execute(TestNGDirectoryTestSuite.java:99)\r\n\tat org.apache.maven.surefire.testng.TestNGProvider.invoke(TestNGProvider.java:145)\r\n\tat java.base/jdk.internal.reflect.NativeMethodAccessorImpl.invoke0(Native Method)\r\n\tat java.base/jdk.internal.reflect.NativeMethodAccessorImpl.invoke(NativeMethodAccessorImpl.java:77)\r\n\tat java.base/jdk.internal.reflect.DelegatingMethodAccessorImpl.invoke(DelegatingMethodAccessorImpl.java:43)\r\n\tat java.base/java.lang.reflect.Method.invoke(Method.java:569)\r\n\tat org.apache.maven.surefire.api.util.ReflectionUtils.invokeMethodWithArray2(ReflectionUtils.java:167)\r\n\tat org.apache.maven.surefire.booter.ProviderFactory$ProviderProxy.invoke(ProviderFactory.java:161)\r\n\tat org.apache.maven.surefire.booter.ProviderFactory.invokeProvider(ProviderFactory.java:84)\r\n\tat org.apache.maven.plugin.surefire.InPluginVMSurefireStarter.runSuitesInProcess(InPluginVMSurefireStarter.java:87)\r\n\tat org.apache.maven.plugin.surefire.AbstractSurefireMojo.executeProvider(AbstractSurefireMojo.java:1295)\r\n\tat org.apache.maven.plugin.surefire.AbstractSurefireMojo.executeAfterPreconditionsChecked(AbstractSurefireMojo.java:1159)\r\n\tat org.apache.maven.plugin.surefire.AbstractSurefireMojo.execute(AbstractSurefireMojo.java:932)\r\n\tat org.apache.maven.plugin.DefaultBuildPluginManager.executeMojo(DefaultBuildPluginManager.java:126)\r\n\tat org.apache.maven.lifecycle.internal.MojoExecutor.doExecute2(MojoExecutor.java:328)\r\n\tat org.apache.maven.lifecycle.internal.MojoExecutor.doExecute(MojoExecutor.java:316)\r\n\tat org.apache.maven.lifecycle.internal.MojoExecutor.execute(MojoExecutor.java:212)\r\n\tat org.apache.maven.lifecycle.internal.MojoExecutor.execute(MojoExecutor.java:174)\r\n\tat org.apache.maven.lifecycle.internal.MojoExecutor.access$000(MojoExecutor.java:75)\r\n\tat org.apache.maven.lifecycle.internal.MojoExecutor$1.run(MojoExecutor.java:162)\r\n\tat org.apache.maven.plugin.DefaultMojosExecutionStrategy.execute(DefaultMojosExecutionStrategy.java:39)\r\n\tat org.apache.maven.lifecycle.internal.MojoExecutor.execute(MojoExecutor.java:159)\r\n\tat org.apache.maven.lifecycle.internal.LifecycleModuleBuilder.buildProject(LifecycleModuleBuilder.java:105)\r\n\tat org.apache.maven.lifecycle.internal.LifecycleModuleBuilder.buildProject(LifecycleModuleBuilder.java:73)\r\n\tat org.apache.maven.lifecycle.internal.builder.singlethreaded.SingleThreadedBuilder.build(SingleThreadedBuilder.java:53)\r\n\tat org.apache.maven.lifecycle.internal.LifecycleStarter.execute(LifecycleStarter.java:118)\r\n\tat org.apache.maven.DefaultMaven.doExecute(DefaultMaven.java:261)\r\n\tat org.apache.maven.DefaultMaven.doExecute(DefaultMaven.java:173)\r\n\tat org.apache.maven.DefaultMaven.execute(DefaultMaven.java:101)\r\n\tat org.apache.maven.cli.MavenCli.execute(MavenCli.java:906)\r\n\tat org.apache.maven.cli.MavenCli.doMain(MavenCli.java:283)\r\n\tat org.apache.maven.cli.MavenCli.main(MavenCli.java:206)\r\n\tat java.base/jdk.internal.reflect.NativeMethodAccessorImpl.invoke0(Native Method)\r\n\tat java.base/jdk.internal.reflect.NativeMethodAccessorImpl.invoke(NativeMethodAccessorImpl.java:77)\r\n\tat java.base/jdk.internal.reflect.DelegatingMethodAccessorImpl.invoke(DelegatingMethodAccessorImpl.java:43)\r\n\tat java.base/java.lang.reflect.Method.invoke(Method.java:569)\r\n\tat org.codehaus.plexus.classworlds.launcher.Launcher.launchEnhanced(Launcher.java:255)\r\n\tat org.codehaus.plexus.classworlds.launcher.Launcher.launch(Launcher.java:201)\r\n\tat org.codehaus.plexus.classworlds.launcher.Launcher.mainWithExitCode(Launcher.java:361)\r\n\tat org.codehaus.plexus.classworlds.launcher.Launcher.main(Launcher.java:314)\r\n","steps":[{"name":"Navigated to login page","time":{"start":1757327467621,"stop":1757327467621,"duration":0},"status":"passed","steps":[],"attachments":[],"parameters":[],"shouldDisplayMessage":false,"attachmentsCount":0,"hasContent":false,"attachmentStep":false,"stepsCount":0},{"name":"Entered login credentials","time":{"start":1757327467721,"stop":1757327467721,"duration":0},"status":"passed","steps":[],"attachments":[],"parameters":[],"shouldDisplayMessage":false,"attachmentsCount":0,"hasContent":false,"attachmentStep":false,"stepsCount":0},{"name":"Login submitted","time":{"start":1757327471455,"stop":1757327471456,"duration":1},"status":"passed","steps":[],"attachments":[],"parameters":[],"shouldDisplayMessage":false,"attachmentsCount":0,"hasContent":false,"attachmentStep":false,"stepsCount":0},{"name":"Navigated to Admin page","time":{"start":1757327476602,"stop":1757327476603,"duration":1},"status":"passed","steps":[],"attachments":[],"parameters":[],"shouldDisplayMessage":false,"attachmentsCount":0,"hasContent":false,"attachmentStep":false,"stepsCount":0},{"name":"Dashboard opened","time":{"start":1757327491971,"stop":1757327491972,"duration":1},"status":"passed","steps":[],"attachments":[],"parameters":[],"shouldDisplayMessage":false,"attachmentsCount":0,"hasContent":false,"attachmentStep":false,"stepsCount":0},{"name":"Bookkeeping section opened","time":{"start":1757327494624,"stop":1757327494624,"duration":0},"status":"passed","steps":[],"attachments":[],"parameters":[],"shouldDisplayMessage":false,"attachmentsCount":0,"hasContent":false,"attachmentStep":false,"stepsCount":0},{"name":"Company selected","time":{"start":1757327497689,"stop":1757327497689,"duration":0},"status":"passed","steps":[],"attachments":[],"parameters":[],"shouldDisplayMessage":false,"attachmentsCount":0,"hasContent":false,"attachmentStep":false,"stepsCount":0},{"name":"Inputs section opened","time":{"start":1757327499324,"stop":1757327499324,"duration":0},"status":"passed","steps":[],"attachments":[],"parameters":[],"shouldDisplayMessage":false,"attachmentsCount":0,"hasContent":false,"attachmentStep":false,"stepsCount":0},{"name":"Expense claims page opened","time":{"start":1757327500040,"stop":1757327500040,"duration":0},"status":"passed","steps":[],"attachments":[],"parameters":[],"shouldDisplayMessage":false,"attachmentsCount":0,"hasContent":false,"attachmentStep":false,"stepsCount":0},{"name":"Reimbursements page opened","time":{"start":1757327500660,"stop":1757327500660,"duration":0},"status":"passed","steps":[],"attachments":[],"parameters":[],"shouldDisplayMessage":false,"attachmentsCount":0,"hasContent":false,"attachmentStep":false,"stepsCount":0},{"name":"Add Reimbursement clicked","time":{"start":1757327500739,"stop":1757327500739,"duration":0},"status":"passed","steps":[],"attachments":[],"parameters":[],"shouldDisplayMessage":false,"attachmentsCount":0,"hasContent":false,"attachmentStep":false,"stepsCount":0}],"attachments":[],"parameters":[],"shouldDisplayMessage":true,"attachmentsCount":0,"hasContent":true,"attachmentStep":false,"stepsCount":11},"afterStages":[{"name":"tearDown","time":{"start":1757327541142,"stop":1757327541860,"duration":718},"description":"","status":"passed","steps":[],"attachments":[{"uid":"fc7b9bab25600b07","name":"Failure Screenshot","source":"fc7b9bab25600b07.png","type":"image/png","size":69561},{"uid":"6991c97acb3d263f","name":"Test Video (AVI)","source":"6991c97acb3d263f.avi","type":"video/x-msvideo","size":4608672}],"parameters":[],"shouldDisplayMessage":false,"attachmentsCount":2,"hasContent":true,"attachmentStep":false,"stepsCount":0}],"labels":[{"name":"package","value":"gettingStarted.Actingoffice.Test112"},{"name":"testClass","value":"gettingStarted.Actingoffice.Test112"},{"name":"testMethod","value":"CreateReimbursement_Test"},{"name":"parentSuite","value":"Surefire suite"},{"name":"suite","value":"Surefire test"},{"name":"subSuite","value":"gettingStarted.Actingoffice.Test112"},{"name":"host","value":"CT-IT-PC-0078"},{"name":"thread","value":"16404@CT-IT-PC-0078.main(1)"},{"name":"framework","value":"testng"},{"name":"language","value":"java"},{"name":"feature","value":"Reimbursements"},{"name":"epic","value":"Expense Claims"},{"name":"story","value":"Add a new Reimbursement for a user with amount and account selection"},{"name":"severity","value":"critical"},{"name":"resultFormat","value":"allure2"}],"parameters":[],"links":[],"hidden":true,"retry":true,"extra":{"categories":[],"tags":[]},"source":"2e0a4c3c935c27c8.json","parameterValues":[]}