{"uid":"c7191fc68a2ff2a0","name":"Create and delete supplier, create invoice for supplier","fullName":"gettingStarted.Actingoffice.Test67.Purchase_SupplierAndInvoice_Test","historyId":"3c3735195ff2962dfb3bbe2d54745d9e","time":{"start":1757066574930,"stop":1757066603041,"duration":28111},"status":"broken","statusMessage":"element click intercepted: Element <button type=\"button\" role=\"menuitem\" id=\"btn-btnDelete\" class=\"ms-Button ms-Button--icon root-1136\" data-is-focusable=\"true\" tabindex=\"-1\">...</button> is not clickable at point (1870, 212). Other element would receive the click: <div class=\"col5-162\" style=\"padding: 10px;\">...</div>\n  (Session info: chrome=140.0.7339.80)\nBuild info: version: '4.23.1', revision: '656257d8e9'\nSystem info: os.name: 'Windows 11', os.arch: 'amd64', os.version: '10.0', java.version: '17.0.16'\nDriver info: org.openqa.selenium.chrome.ChromeDriver\nCommand: [2a867f65861193bdb9db2b3d1ade8672, clickElement {id=f.087BA944F78F145BE3979C9BC43E0936.d.B1E60491BE16D8257901CA23DD4228EE.e.465}]\nCapabilities {acceptInsecureCerts: false, browserName: chrome, browserVersion: 140.0.7339.80, chrome: {chromedriverVersion: 140.0.7339.80 (670b6f192f46..., userDataDir: C:\\Users\\CT_USER\\AppData\\Lo...}, fedcm:accounts: true, goog:chromeOptions: {debuggerAddress: localhost:61116}, networkConnectionEnabled: false, pageLoadStrategy: normal, platformName: windows, proxy: Proxy(), se:cdp: ws://localhost:61116/devtoo..., se:cdpVersion: 140.0.7339.80, setWindowRect: true, strictFileInteractability: false, timeouts: {implicit: 0, pageLoad: 300000, script: 30000}, unhandledPromptBehavior: dismiss and notify, webauthn:extension:credBlob: true, webauthn:extension:largeBlob: true, webauthn:extension:minPinLength: true, webauthn:extension:prf: true, webauthn:virtualAuthenticators: true}\nElement: [[ChromeDriver: chrome on windows (2a867f65861193bdb9db2b3d1ade8672)] -> xpath: //*[@id=\"btn-btnDelete\"]]\nSession ID: 2a867f65861193bdb9db2b3d1ade8672","statusTrace":"org.openqa.selenium.ElementClickInterceptedException: element click intercepted: Element <button type=\"button\" role=\"menuitem\" id=\"btn-btnDelete\" class=\"ms-Button ms-Button--icon root-1136\" data-is-focusable=\"true\" tabindex=\"-1\">...</button> is not clickable at point (1870, 212). Other element would receive the click: <div class=\"col5-162\" style=\"padding: 10px;\">...</div>\n  (Session info: chrome=140.0.7339.80)\nBuild info: version: '4.23.1', revision: '656257d8e9'\nSystem info: os.name: 'Windows 11', os.arch: 'amd64', os.version: '10.0', java.version: '17.0.16'\nDriver info: org.openqa.selenium.chrome.ChromeDriver\nCommand: [2a867f65861193bdb9db2b3d1ade8672, clickElement {id=f.087BA944F78F145BE3979C9BC43E0936.d.B1E60491BE16D8257901CA23DD4228EE.e.465}]\nCapabilities {acceptInsecureCerts: false, browserName: chrome, browserVersion: 140.0.7339.80, chrome: {chromedriverVersion: 140.0.7339.80 (670b6f192f46..., userDataDir: C:\\Users\\CT_USER\\AppData\\Lo...}, fedcm:accounts: true, goog:chromeOptions: {debuggerAddress: localhost:61116}, networkConnectionEnabled: false, pageLoadStrategy: normal, platformName: windows, proxy: Proxy(), se:cdp: ws://localhost:61116/devtoo..., se:cdpVersion: 140.0.7339.80, setWindowRect: true, strictFileInteractability: false, timeouts: {implicit: 0, pageLoad: 300000, script: 30000}, unhandledPromptBehavior: dismiss and notify, webauthn:extension:credBlob: true, webauthn:extension:largeBlob: true, webauthn:extension:minPinLength: true, webauthn:extension:prf: true, webauthn:virtualAuthenticators: true}\nElement: [[ChromeDriver: chrome on windows (2a867f65861193bdb9db2b3d1ade8672)] -> xpath: //*[@id=\"btn-btnDelete\"]]\nSession ID: 2a867f65861193bdb9db2b3d1ade8672\r\n\tat java.base/jdk.internal.reflect.NativeConstructorAccessorImpl.newInstance0(Native Method)\r\n\tat java.base/jdk.internal.reflect.NativeConstructorAccessorImpl.newInstance(NativeConstructorAccessorImpl.java:77)\r\n\tat java.base/jdk.internal.reflect.DelegatingConstructorAccessorImpl.newInstance(DelegatingConstructorAccessorImpl.java:45)\r\n\tat java.base/java.lang.reflect.Constructor.newInstanceWithCaller(Constructor.java:500)\r\n\tat java.base/java.lang.reflect.Constructor.newInstance(Constructor.java:481)\r\n\tat org.openqa.selenium.remote.ErrorCodec.decode(ErrorCodec.java:167)\r\n\tat org.openqa.selenium.remote.codec.w3c.W3CHttpResponseCodec.decode(W3CHttpResponseCodec.java:138)\r\n\tat org.openqa.selenium.remote.codec.w3c.W3CHttpResponseCodec.decode(W3CHttpResponseCodec.java:50)\r\n\tat org.openqa.selenium.remote.HttpCommandExecutor.execute(HttpCommandExecutor.java:190)\r\n\tat org.openqa.selenium.remote.service.DriverCommandExecutor.invokeExecute(DriverCommandExecutor.java:216)\r\n\tat org.openqa.selenium.remote.service.DriverCommandExecutor.execute(DriverCommandExecutor.java:174)\r\n\tat org.openqa.selenium.remote.RemoteWebDriver.execute(RemoteWebDriver.java:545)\r\n\tat org.openqa.selenium.remote.RemoteWebElement.execute(RemoteWebElement.java:223)\r\n\tat org.openqa.selenium.remote.RemoteWebElement.click(RemoteWebElement.java:76)\r\n\tat gettingStarted.Actingoffice.Test67.Purchase_SupplierAndInvoice_Test(Test67.java:94)\r\n\tat java.base/jdk.internal.reflect.NativeMethodAccessorImpl.invoke0(Native Method)\r\n\tat java.base/jdk.internal.reflect.NativeMethodAccessorImpl.invoke(NativeMethodAccessorImpl.java:77)\r\n\tat java.base/jdk.internal.reflect.DelegatingMethodAccessorImpl.invoke(DelegatingMethodAccessorImpl.java:43)\r\n\tat java.base/java.lang.reflect.Method.invoke(Method.java:569)\r\n\tat org.testng.internal.invokers.MethodInvocationHelper.invokeMethod(MethodInvocationHelper.java:141)\r\n\tat org.testng.internal.invokers.TestInvoker.invokeMethod(TestInvoker.java:687)\r\n\tat org.testng.internal.invokers.TestInvoker.invokeTestMethod(TestInvoker.java:230)\r\n\tat org.testng.internal.invokers.MethodRunner.runInSequence(MethodRunner.java:63)\r\n\tat org.testng.internal.invokers.TestInvoker$MethodInvocationAgent.invoke(TestInvoker.java:995)\r\n\tat org.testng.internal.invokers.TestInvoker.invokeTestMethods(TestInvoker.java:203)\r\n\tat org.testng.internal.invokers.TestMethodWorker.invokeTestMethods(TestMethodWorker.java:154)\r\n\tat org.testng.internal.invokers.TestMethodWorker.run(TestMethodWorker.java:134)\r\n\tat java.base/java.util.ArrayList.forEach(ArrayList.java:1511)\r\n\tat org.testng.TestRunner.privateRun(TestRunner.java:741)\r\n\tat org.testng.TestRunner.run(TestRunner.java:616)\r\n\tat org.testng.SuiteRunner.runTest(SuiteRunner.java:421)\r\n\tat org.testng.SuiteRunner.runSequentially(SuiteRunner.java:413)\r\n\tat org.testng.SuiteRunner.privateRun(SuiteRunner.java:373)\r\n\tat org.testng.SuiteRunner.run(SuiteRunner.java:312)\r\n\tat org.testng.SuiteRunnerWorker.runSuite(SuiteRunnerWorker.java:52)\r\n\tat org.testng.SuiteRunnerWorker.run(SuiteRunnerWorker.java:95)\r\n\tat org.testng.TestNG.runSuitesSequentially(TestNG.java:1274)\r\n\tat org.testng.TestNG.runSuitesLocally(TestNG.java:1208)\r\n\tat org.testng.TestNG.runSuites(TestNG.java:1112)\r\n\tat org.testng.TestNG.run(TestNG.java:1079)\r\n\tat org.apache.maven.surefire.testng.TestNGExecutor.run(TestNGExecutor.java:136)\r\n\tat org.apache.maven.surefire.testng.TestNGDirectoryTestSuite.executeSingleClass(TestNGDirectoryTestSuite.java:112)\r\n\tat org.apache.maven.surefire.testng.TestNGDirectoryTestSuite.execute(TestNGDirectoryTestSuite.java:99)\r\n\tat org.apache.maven.surefire.testng.TestNGProvider.invoke(TestNGProvider.java:145)\r\n\tat java.base/jdk.internal.reflect.NativeMethodAccessorImpl.invoke0(Native Method)\r\n\tat java.base/jdk.internal.reflect.NativeMethodAccessorImpl.invoke(NativeMethodAccessorImpl.java:77)\r\n\tat java.base/jdk.internal.reflect.DelegatingMethodAccessorImpl.invoke(DelegatingMethodAccessorImpl.java:43)\r\n\tat java.base/java.lang.reflect.Method.invoke(Method.java:569)\r\n\tat org.apache.maven.surefire.api.util.ReflectionUtils.invokeMethodWithArray2(ReflectionUtils.java:167)\r\n\tat org.apache.maven.surefire.booter.ProviderFactory$ProviderProxy.invoke(ProviderFactory.java:161)\r\n\tat org.apache.maven.surefire.booter.ProviderFactory.invokeProvider(ProviderFactory.java:84)\r\n\tat org.apache.maven.plugin.surefire.InPluginVMSurefireStarter.runSuitesInProcess(InPluginVMSurefireStarter.java:87)\r\n\tat org.apache.maven.plugin.surefire.AbstractSurefireMojo.executeProvider(AbstractSurefireMojo.java:1295)\r\n\tat org.apache.maven.plugin.surefire.AbstractSurefireMojo.executeAfterPreconditionsChecked(AbstractSurefireMojo.java:1159)\r\n\tat org.apache.maven.plugin.surefire.AbstractSurefireMojo.execute(AbstractSurefireMojo.java:932)\r\n\tat org.apache.maven.plugin.DefaultBuildPluginManager.executeMojo(DefaultBuildPluginManager.java:126)\r\n\tat org.apache.maven.lifecycle.internal.MojoExecutor.doExecute2(MojoExecutor.java:328)\r\n\tat org.apache.maven.lifecycle.internal.MojoExecutor.doExecute(MojoExecutor.java:316)\r\n\tat org.apache.maven.lifecycle.internal.MojoExecutor.execute(MojoExecutor.java:212)\r\n\tat org.apache.maven.lifecycle.internal.MojoExecutor.execute(MojoExecutor.java:174)\r\n\tat org.apache.maven.lifecycle.internal.MojoExecutor.access$000(MojoExecutor.java:75)\r\n\tat org.apache.maven.lifecycle.internal.MojoExecutor$1.run(MojoExecutor.java:162)\r\n\tat org.apache.maven.plugin.DefaultMojosExecutionStrategy.execute(DefaultMojosExecutionStrategy.java:39)\r\n\tat org.apache.maven.lifecycle.internal.MojoExecutor.execute(MojoExecutor.java:159)\r\n\tat org.apache.maven.lifecycle.internal.LifecycleModuleBuilder.buildProject(LifecycleModuleBuilder.java:105)\r\n\tat org.apache.maven.lifecycle.internal.LifecycleModuleBuilder.buildProject(LifecycleModuleBuilder.java:73)\r\n\tat org.apache.maven.lifecycle.internal.builder.singlethreaded.SingleThreadedBuilder.build(SingleThreadedBuilder.java:53)\r\n\tat org.apache.maven.lifecycle.internal.LifecycleStarter.execute(LifecycleStarter.java:118)\r\n\tat org.apache.maven.DefaultMaven.doExecute(DefaultMaven.java:261)\r\n\tat org.apache.maven.DefaultMaven.doExecute(DefaultMaven.java:173)\r\n\tat org.apache.maven.DefaultMaven.execute(DefaultMaven.java:101)\r\n\tat org.apache.maven.cli.MavenCli.execute(MavenCli.java:906)\r\n\tat org.apache.maven.cli.MavenCli.doMain(MavenCli.java:283)\r\n\tat org.apache.maven.cli.MavenCli.main(MavenCli.java:206)\r\n\tat java.base/jdk.internal.reflect.NativeMethodAccessorImpl.invoke0(Native Method)\r\n\tat java.base/jdk.internal.reflect.NativeMethodAccessorImpl.invoke(NativeMethodAccessorImpl.java:77)\r\n\tat java.base/jdk.internal.reflect.DelegatingMethodAccessorImpl.invoke(DelegatingMethodAccessorImpl.java:43)\r\n\tat java.base/java.lang.reflect.Method.invoke(Method.java:569)\r\n\tat org.codehaus.plexus.classworlds.launcher.Launcher.launchEnhanced(Launcher.java:255)\r\n\tat org.codehaus.plexus.classworlds.launcher.Launcher.launch(Launcher.java:201)\r\n\tat org.codehaus.plexus.classworlds.launcher.Launcher.mainWithExitCode(Launcher.java:361)\r\n\tat org.codehaus.plexus.classworlds.launcher.Launcher.main(Launcher.java:314)\r\n","flaky":false,"newFailed":false,"newBroken":false,"newPassed":false,"retriesCount":0,"retriesStatusChange":false,"beforeStages":[{"name":"setup","time":{"start":1757066573663,"stop":1757066574845,"duration":1182},"description":"","status":"passed","steps":[{"name":"Browser launched and maximized","time":{"start":1757066574843,"stop":1757066574844,"duration":1},"status":"passed","steps":[],"attachments":[],"parameters":[],"shouldDisplayMessage":false,"attachmentsCount":0,"hasContent":false,"attachmentStep":false,"stepsCount":0}],"attachments":[],"parameters":[],"shouldDisplayMessage":false,"attachmentsCount":0,"hasContent":true,"attachmentStep":false,"stepsCount":1}],"testStage":{"status":"broken","statusMessage":"element click intercepted: Element <button type=\"button\" role=\"menuitem\" id=\"btn-btnDelete\" class=\"ms-Button ms-Button--icon root-1136\" data-is-focusable=\"true\" tabindex=\"-1\">...</button> is not clickable at point (1870, 212). Other element would receive the click: <div class=\"col5-162\" style=\"padding: 10px;\">...</div>\n  (Session info: chrome=140.0.7339.80)\nBuild info: version: '4.23.1', revision: '656257d8e9'\nSystem info: os.name: 'Windows 11', os.arch: 'amd64', os.version: '10.0', java.version: '17.0.16'\nDriver info: org.openqa.selenium.chrome.ChromeDriver\nCommand: [2a867f65861193bdb9db2b3d1ade8672, clickElement {id=f.087BA944F78F145BE3979C9BC43E0936.d.B1E60491BE16D8257901CA23DD4228EE.e.465}]\nCapabilities {acceptInsecureCerts: false, browserName: chrome, browserVersion: 140.0.7339.80, chrome: {chromedriverVersion: 140.0.7339.80 (670b6f192f46..., userDataDir: C:\\Users\\CT_USER\\AppData\\Lo...}, fedcm:accounts: true, goog:chromeOptions: {debuggerAddress: localhost:61116}, networkConnectionEnabled: false, pageLoadStrategy: normal, platformName: windows, proxy: Proxy(), se:cdp: ws://localhost:61116/devtoo..., se:cdpVersion: 140.0.7339.80, setWindowRect: true, strictFileInteractability: false, timeouts: {implicit: 0, pageLoad: 300000, script: 30000}, unhandledPromptBehavior: dismiss and notify, webauthn:extension:credBlob: true, webauthn:extension:largeBlob: true, webauthn:extension:minPinLength: true, webauthn:extension:prf: true, webauthn:virtualAuthenticators: true}\nElement: [[ChromeDriver: chrome on windows (2a867f65861193bdb9db2b3d1ade8672)] -> xpath: //*[@id=\"btn-btnDelete\"]]\nSession ID: 2a867f65861193bdb9db2b3d1ade8672","statusTrace":"org.openqa.selenium.ElementClickInterceptedException: element click intercepted: Element <button type=\"button\" role=\"menuitem\" id=\"btn-btnDelete\" class=\"ms-Button ms-Button--icon root-1136\" data-is-focusable=\"true\" tabindex=\"-1\">...</button> is not clickable at point (1870, 212). Other element would receive the click: <div class=\"col5-162\" style=\"padding: 10px;\">...</div>\n  (Session info: chrome=140.0.7339.80)\nBuild info: version: '4.23.1', revision: '656257d8e9'\nSystem info: os.name: 'Windows 11', os.arch: 'amd64', os.version: '10.0', java.version: '17.0.16'\nDriver info: org.openqa.selenium.chrome.ChromeDriver\nCommand: [2a867f65861193bdb9db2b3d1ade8672, clickElement {id=f.087BA944F78F145BE3979C9BC43E0936.d.B1E60491BE16D8257901CA23DD4228EE.e.465}]\nCapabilities {acceptInsecureCerts: false, browserName: chrome, browserVersion: 140.0.7339.80, chrome: {chromedriverVersion: 140.0.7339.80 (670b6f192f46..., userDataDir: C:\\Users\\CT_USER\\AppData\\Lo...}, fedcm:accounts: true, goog:chromeOptions: {debuggerAddress: localhost:61116}, networkConnectionEnabled: false, pageLoadStrategy: normal, platformName: windows, proxy: Proxy(), se:cdp: ws://localhost:61116/devtoo..., se:cdpVersion: 140.0.7339.80, setWindowRect: true, strictFileInteractability: false, timeouts: {implicit: 0, pageLoad: 300000, script: 30000}, unhandledPromptBehavior: dismiss and notify, webauthn:extension:credBlob: true, webauthn:extension:largeBlob: true, webauthn:extension:minPinLength: true, webauthn:extension:prf: true, webauthn:virtualAuthenticators: true}\nElement: [[ChromeDriver: chrome on windows (2a867f65861193bdb9db2b3d1ade8672)] -> xpath: //*[@id=\"btn-btnDelete\"]]\nSession ID: 2a867f65861193bdb9db2b3d1ade8672\r\n\tat java.base/jdk.internal.reflect.NativeConstructorAccessorImpl.newInstance0(Native Method)\r\n\tat java.base/jdk.internal.reflect.NativeConstructorAccessorImpl.newInstance(NativeConstructorAccessorImpl.java:77)\r\n\tat java.base/jdk.internal.reflect.DelegatingConstructorAccessorImpl.newInstance(DelegatingConstructorAccessorImpl.java:45)\r\n\tat java.base/java.lang.reflect.Constructor.newInstanceWithCaller(Constructor.java:500)\r\n\tat java.base/java.lang.reflect.Constructor.newInstance(Constructor.java:481)\r\n\tat org.openqa.selenium.remote.ErrorCodec.decode(ErrorCodec.java:167)\r\n\tat org.openqa.selenium.remote.codec.w3c.W3CHttpResponseCodec.decode(W3CHttpResponseCodec.java:138)\r\n\tat org.openqa.selenium.remote.codec.w3c.W3CHttpResponseCodec.decode(W3CHttpResponseCodec.java:50)\r\n\tat org.openqa.selenium.remote.HttpCommandExecutor.execute(HttpCommandExecutor.java:190)\r\n\tat org.openqa.selenium.remote.service.DriverCommandExecutor.invokeExecute(DriverCommandExecutor.java:216)\r\n\tat org.openqa.selenium.remote.service.DriverCommandExecutor.execute(DriverCommandExecutor.java:174)\r\n\tat org.openqa.selenium.remote.RemoteWebDriver.execute(RemoteWebDriver.java:545)\r\n\tat org.openqa.selenium.remote.RemoteWebElement.execute(RemoteWebElement.java:223)\r\n\tat org.openqa.selenium.remote.RemoteWebElement.click(RemoteWebElement.java:76)\r\n\tat gettingStarted.Actingoffice.Test67.Purchase_SupplierAndInvoice_Test(Test67.java:94)\r\n\tat java.base/jdk.internal.reflect.NativeMethodAccessorImpl.invoke0(Native Method)\r\n\tat java.base/jdk.internal.reflect.NativeMethodAccessorImpl.invoke(NativeMethodAccessorImpl.java:77)\r\n\tat java.base/jdk.internal.reflect.DelegatingMethodAccessorImpl.invoke(DelegatingMethodAccessorImpl.java:43)\r\n\tat java.base/java.lang.reflect.Method.invoke(Method.java:569)\r\n\tat org.testng.internal.invokers.MethodInvocationHelper.invokeMethod(MethodInvocationHelper.java:141)\r\n\tat org.testng.internal.invokers.TestInvoker.invokeMethod(TestInvoker.java:687)\r\n\tat org.testng.internal.invokers.TestInvoker.invokeTestMethod(TestInvoker.java:230)\r\n\tat org.testng.internal.invokers.MethodRunner.runInSequence(MethodRunner.java:63)\r\n\tat org.testng.internal.invokers.TestInvoker$MethodInvocationAgent.invoke(TestInvoker.java:995)\r\n\tat org.testng.internal.invokers.TestInvoker.invokeTestMethods(TestInvoker.java:203)\r\n\tat org.testng.internal.invokers.TestMethodWorker.invokeTestMethods(TestMethodWorker.java:154)\r\n\tat org.testng.internal.invokers.TestMethodWorker.run(TestMethodWorker.java:134)\r\n\tat java.base/java.util.ArrayList.forEach(ArrayList.java:1511)\r\n\tat org.testng.TestRunner.privateRun(TestRunner.java:741)\r\n\tat org.testng.TestRunner.run(TestRunner.java:616)\r\n\tat org.testng.SuiteRunner.runTest(SuiteRunner.java:421)\r\n\tat org.testng.SuiteRunner.runSequentially(SuiteRunner.java:413)\r\n\tat org.testng.SuiteRunner.privateRun(SuiteRunner.java:373)\r\n\tat org.testng.SuiteRunner.run(SuiteRunner.java:312)\r\n\tat org.testng.SuiteRunnerWorker.runSuite(SuiteRunnerWorker.java:52)\r\n\tat org.testng.SuiteRunnerWorker.run(SuiteRunnerWorker.java:95)\r\n\tat org.testng.TestNG.runSuitesSequentially(TestNG.java:1274)\r\n\tat org.testng.TestNG.runSuitesLocally(TestNG.java:1208)\r\n\tat org.testng.TestNG.runSuites(TestNG.java:1112)\r\n\tat org.testng.TestNG.run(TestNG.java:1079)\r\n\tat org.apache.maven.surefire.testng.TestNGExecutor.run(TestNGExecutor.java:136)\r\n\tat org.apache.maven.surefire.testng.TestNGDirectoryTestSuite.executeSingleClass(TestNGDirectoryTestSuite.java:112)\r\n\tat org.apache.maven.surefire.testng.TestNGDirectoryTestSuite.execute(TestNGDirectoryTestSuite.java:99)\r\n\tat org.apache.maven.surefire.testng.TestNGProvider.invoke(TestNGProvider.java:145)\r\n\tat java.base/jdk.internal.reflect.NativeMethodAccessorImpl.invoke0(Native Method)\r\n\tat java.base/jdk.internal.reflect.NativeMethodAccessorImpl.invoke(NativeMethodAccessorImpl.java:77)\r\n\tat java.base/jdk.internal.reflect.DelegatingMethodAccessorImpl.invoke(DelegatingMethodAccessorImpl.java:43)\r\n\tat java.base/java.lang.reflect.Method.invoke(Method.java:569)\r\n\tat org.apache.maven.surefire.api.util.ReflectionUtils.invokeMethodWithArray2(ReflectionUtils.java:167)\r\n\tat org.apache.maven.surefire.booter.ProviderFactory$ProviderProxy.invoke(ProviderFactory.java:161)\r\n\tat org.apache.maven.surefire.booter.ProviderFactory.invokeProvider(ProviderFactory.java:84)\r\n\tat org.apache.maven.plugin.surefire.InPluginVMSurefireStarter.runSuitesInProcess(InPluginVMSurefireStarter.java:87)\r\n\tat org.apache.maven.plugin.surefire.AbstractSurefireMojo.executeProvider(AbstractSurefireMojo.java:1295)\r\n\tat org.apache.maven.plugin.surefire.AbstractSurefireMojo.executeAfterPreconditionsChecked(AbstractSurefireMojo.java:1159)\r\n\tat org.apache.maven.plugin.surefire.AbstractSurefireMojo.execute(AbstractSurefireMojo.java:932)\r\n\tat org.apache.maven.plugin.DefaultBuildPluginManager.executeMojo(DefaultBuildPluginManager.java:126)\r\n\tat org.apache.maven.lifecycle.internal.MojoExecutor.doExecute2(MojoExecutor.java:328)\r\n\tat org.apache.maven.lifecycle.internal.MojoExecutor.doExecute(MojoExecutor.java:316)\r\n\tat org.apache.maven.lifecycle.internal.MojoExecutor.execute(MojoExecutor.java:212)\r\n\tat org.apache.maven.lifecycle.internal.MojoExecutor.execute(MojoExecutor.java:174)\r\n\tat org.apache.maven.lifecycle.internal.MojoExecutor.access$000(MojoExecutor.java:75)\r\n\tat org.apache.maven.lifecycle.internal.MojoExecutor$1.run(MojoExecutor.java:162)\r\n\tat org.apache.maven.plugin.DefaultMojosExecutionStrategy.execute(DefaultMojosExecutionStrategy.java:39)\r\n\tat org.apache.maven.lifecycle.internal.MojoExecutor.execute(MojoExecutor.java:159)\r\n\tat org.apache.maven.lifecycle.internal.LifecycleModuleBuilder.buildProject(LifecycleModuleBuilder.java:105)\r\n\tat org.apache.maven.lifecycle.internal.LifecycleModuleBuilder.buildProject(LifecycleModuleBuilder.java:73)\r\n\tat org.apache.maven.lifecycle.internal.builder.singlethreaded.SingleThreadedBuilder.build(SingleThreadedBuilder.java:53)\r\n\tat org.apache.maven.lifecycle.internal.LifecycleStarter.execute(LifecycleStarter.java:118)\r\n\tat org.apache.maven.DefaultMaven.doExecute(DefaultMaven.java:261)\r\n\tat org.apache.maven.DefaultMaven.doExecute(DefaultMaven.java:173)\r\n\tat org.apache.maven.DefaultMaven.execute(DefaultMaven.java:101)\r\n\tat org.apache.maven.cli.MavenCli.execute(MavenCli.java:906)\r\n\tat org.apache.maven.cli.MavenCli.doMain(MavenCli.java:283)\r\n\tat org.apache.maven.cli.MavenCli.main(MavenCli.java:206)\r\n\tat java.base/jdk.internal.reflect.NativeMethodAccessorImpl.invoke0(Native Method)\r\n\tat java.base/jdk.internal.reflect.NativeMethodAccessorImpl.invoke(NativeMethodAccessorImpl.java:77)\r\n\tat java.base/jdk.internal.reflect.DelegatingMethodAccessorImpl.invoke(DelegatingMethodAccessorImpl.java:43)\r\n\tat java.base/java.lang.reflect.Method.invoke(Method.java:569)\r\n\tat org.codehaus.plexus.classworlds.launcher.Launcher.launchEnhanced(Launcher.java:255)\r\n\tat org.codehaus.plexus.classworlds.launcher.Launcher.launch(Launcher.java:201)\r\n\tat org.codehaus.plexus.classworlds.launcher.Launcher.mainWithExitCode(Launcher.java:361)\r\n\tat org.codehaus.plexus.classworlds.launcher.Launcher.main(Launcher.java:314)\r\n","steps":[{"name":"Navigated to login page","time":{"start":1757066576861,"stop":1757066576862,"duration":1},"status":"passed","steps":[],"attachments":[],"parameters":[],"shouldDisplayMessage":false,"attachmentsCount":0,"hasContent":false,"attachmentStep":false,"stepsCount":0},{"name":"Entered login credentials","time":{"start":1757066577057,"stop":1757066577057,"duration":0},"status":"passed","steps":[],"attachments":[],"parameters":[],"shouldDisplayMessage":false,"attachmentsCount":0,"hasContent":false,"attachmentStep":false,"stepsCount":0},{"name":"Login submitted","time":{"start":1757066581502,"stop":1757066581503,"duration":1},"status":"passed","steps":[],"attachments":[],"parameters":[],"shouldDisplayMessage":false,"attachmentsCount":0,"hasContent":false,"attachmentStep":false,"stepsCount":0},{"name":"Navigated to Admin page","time":{"start":1757066584157,"stop":1757066584157,"duration":0},"status":"passed","steps":[],"attachments":[],"parameters":[],"shouldDisplayMessage":false,"attachmentsCount":0,"hasContent":false,"attachmentStep":false,"stepsCount":0},{"name":"Dashboard opened","time":{"start":1757066590032,"stop":1757066590032,"duration":0},"status":"passed","steps":[],"attachments":[],"parameters":[],"shouldDisplayMessage":false,"attachmentsCount":0,"hasContent":false,"attachmentStep":false,"stepsCount":0},{"name":"Bookkeeping opened","time":{"start":1757066590621,"stop":1757066590621,"duration":0},"status":"passed","steps":[],"attachments":[],"parameters":[],"shouldDisplayMessage":false,"attachmentsCount":0,"hasContent":false,"attachmentStep":false,"stepsCount":0},{"name":"Company selected","time":{"start":1757066592292,"stop":1757066592293,"duration":1},"status":"passed","steps":[],"attachments":[],"parameters":[],"shouldDisplayMessage":false,"attachmentsCount":0,"hasContent":false,"attachmentStep":false,"stepsCount":0},{"name":"Inputs opened","time":{"start":1757066593946,"stop":1757066593946,"duration":0},"status":"passed","steps":[],"attachments":[],"parameters":[],"shouldDisplayMessage":false,"attachmentsCount":0,"hasContent":false,"attachmentStep":false,"stepsCount":0},{"name":"Purchases module opened","time":{"start":1757066594553,"stop":1757066594553,"duration":0},"status":"passed","steps":[],"attachments":[],"parameters":[],"shouldDisplayMessage":false,"attachmentsCount":0,"hasContent":false,"attachmentStep":false,"stepsCount":0},{"name":"Suppliers section opened","time":{"start":1757066595269,"stop":1757066595269,"duration":0},"status":"passed","steps":[],"attachments":[],"parameters":[],"shouldDisplayMessage":false,"attachmentsCount":0,"hasContent":false,"attachmentStep":false,"stepsCount":0},{"name":"Clicked Add Supplier","time":{"start":1757066595422,"stop":1757066595422,"duration":0},"status":"passed","steps":[],"attachments":[],"parameters":[],"shouldDisplayMessage":false,"attachmentsCount":0,"hasContent":false,"attachmentStep":false,"stepsCount":0},{"name":"Entered supplier name 'A LIMITED'","time":{"start":1757066601794,"stop":1757066601794,"duration":0},"status":"passed","steps":[],"attachments":[],"parameters":[],"shouldDisplayMessage":false,"attachmentsCount":0,"hasContent":false,"attachmentStep":false,"stepsCount":0},{"name":"Supplier saved","time":{"start":1757066601946,"stop":1757066601946,"duration":0},"status":"passed","steps":[],"attachments":[],"parameters":[],"shouldDisplayMessage":false,"attachmentsCount":0,"hasContent":false,"attachmentStep":false,"stepsCount":0}],"attachments":[],"parameters":[],"shouldDisplayMessage":true,"attachmentsCount":0,"hasContent":true,"attachmentStep":false,"stepsCount":13},"afterStages":[{"name":"tearDown","time":{"start":1757066603050,"stop":1757066618647,"duration":15597},"description":"","status":"passed","steps":[],"attachments":[],"parameters":[],"shouldDisplayMessage":false,"attachmentsCount":0,"hasContent":false,"attachmentStep":false,"stepsCount":0}],"labels":[{"name":"package","value":"gettingStarted.Actingoffice.Test67"},{"name":"testClass","value":"gettingStarted.Actingoffice.Test67"},{"name":"testMethod","value":"Purchase_SupplierAndInvoice_Test"},{"name":"parentSuite","value":"Surefire suite"},{"name":"suite","value":"Surefire test"},{"name":"subSuite","value":"gettingStarted.Actingoffice.Test67"},{"name":"host","value":"CT-IT-PC-0078"},{"name":"thread","value":"19832@CT-IT-PC-0078.main(1)"},{"name":"framework","value":"testng"},{"name":"language","value":"java"},{"name":"story","value":"Add supplier, delete supplier, create invoice"},{"name":"epic","value":"Purchases"},{"name":"feature","value":"Supplier & Invoice"},{"name":"severity","value":"blocker"},{"name":"resultFormat","value":"allure2"}],"parameters":[],"links":[],"hidden":true,"retry":true,"extra":{"categories":[],"tags":[]},"source":"c7191fc68a2ff2a0.json","parameterValues":[]}